# JRE version: Java(TM) SE Runtime Environment (17.0.12+8) (build 17.0.12+8-LTS-286)
# Java VM: Java HotSpot(TM) 64-Bit Server VM (17.0.12+8-LTS-286, mixed mode, emulated-client, sharing, tiered, compressed oops, compressed class ptrs, g1 gc, windows-amd64)
GC Precious Log:
 CPUs: 4 total, 4 available
 Memory: 16265M
 Large Page Support: Disabled
 NUMA Support: Disabled
 Compressed Oops: Enabled (Zero based)
 Heap Region Size: 2M
 Heap Min Capacity: 8M
 Heap Initial Capacity: 256M
 Heap Max Capacity: 4068M
 Pre-touch: Disabled
 Parallel Workers: 4
 Concurrent Workers: 1
 Concurrent Refinement Workers: 4
 Periodic GC: Disabled
Heap:
 garbage-first heap   total 106496K, used 58203K [0x0000000701c00000, 0x0000000800000000)
  region size 2048K, 3 young (6144K), 3 survivors (6144K)
 Metaspace       used 73349K, committed 73984K, reserved 1114112K
  class space    used 10818K, committed 11136K, reserved 1048576K
GC Heap History (20 events):
Event: 16.264 GC heap after
{Heap after GC invocations=16 (full 0):
 garbage-first heap   total 75776K, used 32618K [0x0000000701c00000, 0x0000000800000000)
  region size 2048K, 2 young (4096K), 2 survivors (4096K)
 Metaspace       used 51609K, committed 52096K, reserved 1114112K
  class space    used 7243K, committed 7488K, reserved 1048576K
}
Event: 16.867 GC heap before
{Heap before GC invocations=16 (full 0):
 garbage-first heap   total 75776K, used 59242K [0x0000000701c00000, 0x0000000800000000)
  region size 2048K, 15 young (30720K), 2 survivors (4096K)
 Metaspace       used 53909K, committed 54464K, reserved 1114112K
  class space    used 7561K, committed 7808K, reserved 1048576K
}
Event: 16.875 GC heap after
{Heap after GC invocations=17 (full 0):
 garbage-first heap   total 75776K, used 34993K [0x0000000701c00000, 0x0000000800000000)
  region size 2048K, 2 young (4096K), 2 survivors (4096K)
 Metaspace       used 53909K, committed 54464K, reserved 1114112K
  class space    used 7561K, committed 7808K, reserved 1048576K
}
Event: 17.435 GC heap before
{Heap before GC invocations=17 (full 0):
 garbage-first heap   total 75776K, used 59569K [0x0000000701c00000, 0x0000000800000000)
  region size 2048K, 14 young (28672K), 2 survivors (4096K)
 Metaspace       used 58944K, committed 59456K, reserved 1114112K
  class space    used 8389K, committed 8640K, reserved 1048576K
}
Event: 17.442 GC heap after
{Heap after GC invocations=18 (full 0):
 garbage-first heap   total 106496K, used 36166K [0x0000000701c00000, 0x0000000800000000)
  region size 2048K, 1 young (2048K), 1 survivors (2048K)
 Metaspace       used 58944K, committed 59456K, reserved 1114112K
  class space    used 8389K, committed 8640K, reserved 1048576K
}
Event: 18.086 GC heap before
{Heap before GC invocations=18 (full 0):
 garbage-first heap   total 106496K, used 83270K [0x0000000701c00000, 0x0000000800000000)
  region size 2048K, 24 young (49152K), 1 survivors (2048K)
 Metaspace       used 60967K, committed 61504K, reserved 1114112K
  class space    used 8745K, committed 9024K, reserved 1048576K
}
Event: 18.090 GC heap after
{Heap after GC invocations=19 (full 0):
 garbage-first heap   total 106496K, used 36723K [0x0000000701c00000, 0x0000000800000000)
  region size 2048K, 1 young (2048K), 1 survivors (2048K)
 Metaspace       used 60967K, committed 61504K, reserved 1114112K
  class space    used 8745K, committed 9024K, reserved 1048576K
}
Event: 18.961 GC heap before
{Heap before GC invocations=19 (full 0):
 garbage-first heap   total 106496K, used 83827K [0x0000000701c00000, 0x0000000800000000)
  region size 2048K, 24 young (49152K), 1 survivors (2048K)
 Metaspace       used 65218K, committed 65792K, reserved 1114112K
  class space    used 9402K, committed 9664K, reserved 1048576K
}
Event: 18.967 GC heap after
{Heap after GC invocations=20 (full 0):
 garbage-first heap   total 106496K, used 38610K [0x0000000701c00000, 0x0000000800000000)
  region size 2048K, 2 young (4096K), 2 survivors (4096K)
 Metaspace       used 65218K, committed 65792K, reserved 1114112K
  class space    used 9402K, committed 9664K, reserved 1048576K
}
Event: 20.109 GC heap before
{Heap before GC invocations=20 (full 0):
 garbage-first heap   total 106496K, used 85714K [0x0000000701c00000, 0x0000000800000000)
  region size 2048K, 25 young (51200K), 2 survivors (4096K)
 Metaspace       used 70118K, committed 70656K, reserved 1114112K
  class space    used 10177K, committed 10432K, reserved 1048576K
}
Event: 20.124 GC heap after
{Heap after GC invocations=21 (full 0):
 garbage-first heap   total 106496K, used 42222K [0x0000000701c00000, 0x0000000800000000)
  region size 2048K, 4 young (8192K), 4 survivors (8192K)
 Metaspace       used 70118K, committed 70656K, reserved 1114112K
  class space    used 10177K, committed 10432K, reserved 1048576K
}
Event: 20.272 GC heap before
{Heap before GC invocations=21 (full 0):
 garbage-first heap   total 106496K, used 48366K [0x0000000701c00000, 0x0000000800000000)
  region size 2048K, 8 young (16384K), 4 survivors (8192K)
 Metaspace       used 71194K, committed 71680K, reserved 1114112K
  class space    used 10388K, committed 10624K, reserved 1048576K
}
Event: 20.286 GC heap after
{Heap after GC invocations=22 (full 0):
 garbage-first heap   total 106496K, used 43172K [0x0000000701c00000, 0x0000000800000000)
  region size 2048K, 3 young (6144K), 3 survivors (6144K)
 Metaspace       used 71194K, committed 71680K, reserved 1114112K
  class space    used 10388K, committed 10624K, reserved 1048576K
}
Event: 20.572 GC heap before
{Heap before GC invocations=23 (full 0):
 garbage-first heap   total 106496K, used 84132K [0x0000000701c00000, 0x0000000800000000)
  region size 2048K, 23 young (47104K), 3 survivors (6144K)
 Metaspace       used 72178K, committed 72704K, reserved 1114112K
  class space    used 10651K, committed 10880K, reserved 1048576K
}
Event: 20.580 GC heap after
{Heap after GC invocations=24 (full 0):
 garbage-first heap   total 106496K, used 44884K [0x0000000701c00000, 0x0000000800000000)
  region size 2048K, 2 young (4096K), 2 survivors (4096K)
 Metaspace       used 72178K, committed 72704K, reserved 1114112K
  class space    used 10651K, committed 10880K, reserved 1048576K
}
Event: 20.931 GC heap before
{Heap before GC invocations=25 (full 0):
 garbage-first heap   total 106496K, used 83796K [0x0000000701c00000, 0x0000000800000000)
  region size 2048K, 21 young (43008K), 2 survivors (4096K)
 Metaspace       used 72789K, committed 73408K, reserved 1114112K
  class space    used 10733K, committed 11008K, reserved 1048576K
}
Event: 20.937 GC heap after
{Heap after GC invocations=26 (full 0):
 garbage-first heap   total 106496K, used 46274K [0x0000000701c00000, 0x0000000800000000)
  region size 2048K, 2 young (4096K), 2 survivors (4096K)
 Metaspace       used 72789K, committed 73408K, reserved 1114112K
  class space    used 10733K, committed 11008K, reserved 1048576K
}
Event: 21.279 GC heap before
{Heap before GC invocations=26 (full 0):
 garbage-first heap   total 106496K, used 85186K [0x0000000701c00000, 0x0000000800000000)
  region size 2048K, 21 young (43008K), 2 survivors (4096K)
 Metaspace       used 73348K, committed 73984K, reserved 1114112K
  class space    used 10818K, committed 11136K, reserved 1048576K
}
Event: 21.291 GC heap after
{Heap after GC invocations=27 (full 0):
 garbage-first heap   total 106496K, used 50947K [0x0000000701c00000, 0x0000000800000000)
  region size 2048K, 3 young (6144K), 3 survivors (6144K)
 Metaspace       used 73348K, committed 73984K, reserved 1114112K
  class space    used 10818K, committed 11136K, reserved 1048576K
}
Event: 21.379 GC heap before
{Heap before GC invocations=27 (full 0):
 garbage-first heap   total 106496K, used 85763K [0x0000000701c00000, 0x0000000800000000)
  region size 2048K, 20 young (40960K), 3 survivors (6144K)
 Metaspace       used 73349K, committed 73984K, reserved 1114112K
  class space    used 10818K, committed 11136K, reserved 1048576K
}

